Compiling the C compiler identification source file "CMakeCCompilerId.c" failed.
Compiler:  
Build flags: 
Id flags:  

The output was:
1
Microsoft (R) Build Engine version 14.0.25420.1
Copyright (C) Microsoft Corporation. All rights reserved.

Build started 7/6/2017 12:20:26 AM.
Project "D:\Documents\leetcode\Sort\Sort\CMakeFiles\3.8.1\CompilerIdC\CompilerIdC.vcxproj" on node 1 (default targets).
C:\Program Files (x86)\MSBuild\Microsoft.Cpp\v4.0\v140\Microsoft.Cpp.InvalidPlatform.Targets(22,7): error MSB8007: The Platform for project 'CompilerIdC.vcxproj' is invalid.  Platform='Visual Studio 11 2012'. You may be seeing this message because you are trying to build a project without a solution file, and have specified a non-default Platform that doesn't exist for this project. [D:\Documents\leetcode\Sort\Sort\CMakeFiles\3.8.1\CompilerIdC\CompilerIdC.vcxproj]
Done Building Project "D:\Documents\leetcode\Sort\Sort\CMakeFiles\3.8.1\CompilerIdC\CompilerIdC.vcxproj" (default targets) -- FAILED.

Build FAILED.

"D:\Documents\leetcode\Sort\Sort\CMakeFiles\3.8.1\CompilerIdC\CompilerIdC.vcxproj" (default target) (1) ->
(InvalidPlatformError target) -> 
  C:\Program Files (x86)\MSBuild\Microsoft.Cpp\v4.0\v140\Microsoft.Cpp.InvalidPlatform.Targets(22,7): error MSB8007: The Platform for project 'CompilerIdC.vcxproj' is invalid.  Platform='Visual Studio 11 2012'. You may be seeing this message because you are trying to build a project without a solution file, and have specified a non-default Platform that doesn't exist for this project. [D:\Documents\leetcode\Sort\Sort\CMakeFiles\3.8.1\CompilerIdC\CompilerIdC.vcxproj]

    0 Warning(s)
    1 Error(s)

Time Elapsed 00:00:00.46


Compiling the CXX compiler identification source file "CMakeCXXCompilerId.cpp" failed.
Compiler:  
Build flags: 
Id flags:  

The output was:
1
Microsoft (R) Build Engine version 14.0.25420.1
Copyright (C) Microsoft Corporation. All rights reserved.

Build started 7/6/2017 12:20:28 AM.
Project "D:\Documents\leetcode\Sort\Sort\CMakeFiles\3.8.1\CompilerIdCXX\CompilerIdCXX.vcxproj" on node 1 (default targets).
C:\Program Files (x86)\MSBuild\Microsoft.Cpp\v4.0\v140\Microsoft.Cpp.InvalidPlatform.Targets(22,7): error MSB8007: The Platform for project 'CompilerIdCXX.vcxproj' is invalid.  Platform='Visual Studio 11 2012'. You may be seeing this message because you are trying to build a project without a solution file, and have specified a non-default Platform that doesn't exist for this project. [D:\Documents\leetcode\Sort\Sort\CMakeFiles\3.8.1\CompilerIdCXX\CompilerIdCXX.vcxproj]
Done Building Project "D:\Documents\leetcode\Sort\Sort\CMakeFiles\3.8.1\CompilerIdCXX\CompilerIdCXX.vcxproj" (default targets) -- FAILED.

Build FAILED.

"D:\Documents\leetcode\Sort\Sort\CMakeFiles\3.8.1\CompilerIdCXX\CompilerIdCXX.vcxproj" (default target) (1) ->
(InvalidPlatformError target) -> 
  C:\Program Files (x86)\MSBuild\Microsoft.Cpp\v4.0\v140\Microsoft.Cpp.InvalidPlatform.Targets(22,7): error MSB8007: The Platform for project 'CompilerIdCXX.vcxproj' is invalid.  Platform='Visual Studio 11 2012'. You may be seeing this message because you are trying to build a project without a solution file, and have specified a non-default Platform that doesn't exist for this project. [D:\Documents\leetcode\Sort\Sort\CMakeFiles\3.8.1\CompilerIdCXX\CompilerIdCXX.vcxproj]

    0 Warning(s)
    1 Error(s)

Time Elapsed 00:00:00.46


Compiling the C compiler identification source file "CMakeCCompilerId.c" failed.
Compiler:  
Build flags: 
Id flags:  

The output was:
1
Microsoft (R) Build Engine version 14.0.25420.1
Copyright (C) Microsoft Corporation. All rights reserved.

Build started 7/6/2017 12:20:59 AM.
Project "D:\Documents\leetcode\Sort\Sort\CMakeFiles\3.8.1\CompilerIdC\CompilerIdC.vcxproj" on node 1 (default targets).
C:\Program Files (x86)\MSBuild\Microsoft.Cpp\v4.0\v140\Microsoft.Cpp.InvalidPlatform.Targets(22,7): error MSB8007: The Platform for project 'CompilerIdC.vcxproj' is invalid.  Platform='Visual Studio 11 2012'. You may be seeing this message because you are trying to build a project without a solution file, and have specified a non-default Platform that doesn't exist for this project. [D:\Documents\leetcode\Sort\Sort\CMakeFiles\3.8.1\CompilerIdC\CompilerIdC.vcxproj]
Done Building Project "D:\Documents\leetcode\Sort\Sort\CMakeFiles\3.8.1\CompilerIdC\CompilerIdC.vcxproj" (default targets) -- FAILED.

Build FAILED.

"D:\Documents\leetcode\Sort\Sort\CMakeFiles\3.8.1\CompilerIdC\CompilerIdC.vcxproj" (default target) (1) ->
(InvalidPlatformError target) -> 
  C:\Program Files (x86)\MSBuild\Microsoft.Cpp\v4.0\v140\Microsoft.Cpp.InvalidPlatform.Targets(22,7): error MSB8007: The Platform for project 'CompilerIdC.vcxproj' is invalid.  Platform='Visual Studio 11 2012'. You may be seeing this message because you are trying to build a project without a solution file, and have specified a non-default Platform that doesn't exist for this project. [D:\Documents\leetcode\Sort\Sort\CMakeFiles\3.8.1\CompilerIdC\CompilerIdC.vcxproj]

    0 Warning(s)
    1 Error(s)

Time Elapsed 00:00:00.47


Compiling the CXX compiler identification source file "CMakeCXXCompilerId.cpp" failed.
Compiler:  
Build flags: 
Id flags:  

The output was:
1
Microsoft (R) Build Engine version 14.0.25420.1
Copyright (C) Microsoft Corporation. All rights reserved.

Build started 7/6/2017 12:21:00 AM.
Project "D:\Documents\leetcode\Sort\Sort\CMakeFiles\3.8.1\CompilerIdCXX\CompilerIdCXX.vcxproj" on node 1 (default targets).
C:\Program Files (x86)\MSBuild\Microsoft.Cpp\v4.0\v140\Microsoft.Cpp.InvalidPlatform.Targets(22,7): error MSB8007: The Platform for project 'CompilerIdCXX.vcxproj' is invalid.  Platform='Visual Studio 11 2012'. You may be seeing this message because you are trying to build a project without a solution file, and have specified a non-default Platform that doesn't exist for this project. [D:\Documents\leetcode\Sort\Sort\CMakeFiles\3.8.1\CompilerIdCXX\CompilerIdCXX.vcxproj]
Done Building Project "D:\Documents\leetcode\Sort\Sort\CMakeFiles\3.8.1\CompilerIdCXX\CompilerIdCXX.vcxproj" (default targets) -- FAILED.

Build FAILED.

"D:\Documents\leetcode\Sort\Sort\CMakeFiles\3.8.1\CompilerIdCXX\CompilerIdCXX.vcxproj" (default target) (1) ->
(InvalidPlatformError target) -> 
  C:\Program Files (x86)\MSBuild\Microsoft.Cpp\v4.0\v140\Microsoft.Cpp.InvalidPlatform.Targets(22,7): error MSB8007: The Platform for project 'CompilerIdCXX.vcxproj' is invalid.  Platform='Visual Studio 11 2012'. You may be seeing this message because you are trying to build a project without a solution file, and have specified a non-default Platform that doesn't exist for this project. [D:\Documents\leetcode\Sort\Sort\CMakeFiles\3.8.1\CompilerIdCXX\CompilerIdCXX.vcxproj]

    0 Warning(s)
    1 Error(s)

Time Elapsed 00:00:00.46


Compiling the C compiler identification source file "CMakeCCompilerId.c" failed.
Compiler:  
Build flags: 
Id flags:  

The output was:
1
Microsoft (R) Build Engine version 14.0.25420.1
Copyright (C) Microsoft Corporation. All rights reserved.

Build started 7/6/2017 12:22:00 AM.
Project "D:\Documents\leetcode\Sort\Sort\CMakeFiles\3.8.1\CompilerIdC\CompilerIdC.vcxproj" on node 1 (default targets).
C:\Program Files (x86)\MSBuild\Microsoft.Cpp\v4.0\v140\Microsoft.Cpp.InvalidPlatform.Targets(22,7): error MSB8007: The Platform for project 'CompilerIdC.vcxproj' is invalid.  Platform='Visual Studio 11 2012'. You may be seeing this message because you are trying to build a project without a solution file, and have specified a non-default Platform that doesn't exist for this project. [D:\Documents\leetcode\Sort\Sort\CMakeFiles\3.8.1\CompilerIdC\CompilerIdC.vcxproj]
Done Building Project "D:\Documents\leetcode\Sort\Sort\CMakeFiles\3.8.1\CompilerIdC\CompilerIdC.vcxproj" (default targets) -- FAILED.

Build FAILED.

"D:\Documents\leetcode\Sort\Sort\CMakeFiles\3.8.1\CompilerIdC\CompilerIdC.vcxproj" (default target) (1) ->
(InvalidPlatformError target) -> 
  C:\Program Files (x86)\MSBuild\Microsoft.Cpp\v4.0\v140\Microsoft.Cpp.InvalidPlatform.Targets(22,7): error MSB8007: The Platform for project 'CompilerIdC.vcxproj' is invalid.  Platform='Visual Studio 11 2012'. You may be seeing this message because you are trying to build a project without a solution file, and have specified a non-default Platform that doesn't exist for this project. [D:\Documents\leetcode\Sort\Sort\CMakeFiles\3.8.1\CompilerIdC\CompilerIdC.vcxproj]

    0 Warning(s)
    1 Error(s)

Time Elapsed 00:00:00.48


Compiling the CXX compiler identification source file "CMakeCXXCompilerId.cpp" failed.
Compiler:  
Build flags: 
Id flags:  

The output was:
1
Microsoft (R) Build Engine version 14.0.25420.1
Copyright (C) Microsoft Corporation. All rights reserved.

Build started 7/6/2017 12:22:00 AM.
Project "D:\Documents\leetcode\Sort\Sort\CMakeFiles\3.8.1\CompilerIdCXX\CompilerIdCXX.vcxproj" on node 1 (default targets).
C:\Program Files (x86)\MSBuild\Microsoft.Cpp\v4.0\v140\Microsoft.Cpp.InvalidPlatform.Targets(22,7): error MSB8007: The Platform for project 'CompilerIdCXX.vcxproj' is invalid.  Platform='Visual Studio 11 2012'. You may be seeing this message because you are trying to build a project without a solution file, and have specified a non-default Platform that doesn't exist for this project. [D:\Documents\leetcode\Sort\Sort\CMakeFiles\3.8.1\CompilerIdCXX\CompilerIdCXX.vcxproj]
Done Building Project "D:\Documents\leetcode\Sort\Sort\CMakeFiles\3.8.1\CompilerIdCXX\CompilerIdCXX.vcxproj" (default targets) -- FAILED.

Build FAILED.

"D:\Documents\leetcode\Sort\Sort\CMakeFiles\3.8.1\CompilerIdCXX\CompilerIdCXX.vcxproj" (default target) (1) ->
(InvalidPlatformError target) -> 
  C:\Program Files (x86)\MSBuild\Microsoft.Cpp\v4.0\v140\Microsoft.Cpp.InvalidPlatform.Targets(22,7): error MSB8007: The Platform for project 'CompilerIdCXX.vcxproj' is invalid.  Platform='Visual Studio 11 2012'. You may be seeing this message because you are trying to build a project without a solution file, and have specified a non-default Platform that doesn't exist for this project. [D:\Documents\leetcode\Sort\Sort\CMakeFiles\3.8.1\CompilerIdCXX\CompilerIdCXX.vcxproj]

    0 Warning(s)
    1 Error(s)

Time Elapsed 00:00:00.50


